<?xml version="1.0" encoding="UTF-8"?>
<testng-results skipped="0" failed="0" ignored="0" total="1" passed="1">
  <reporter-output>
  </reporter-output>
  <suite name="Default suite" duration-ms="25954" started-at="2021-12-14T19:01:07 IST" finished-at="2021-12-14T19:01:33 IST">
    <groups>
    </groups>
    <test name="Default test" duration-ms="25954" started-at="2021-12-14T19:01:07 IST" finished-at="2021-12-14T19:01:33 IST">
      <class name="Login">
        <test-method status="PASS" signature="base()[pri:0, instance:Login@1f57539]" name="base" duration-ms="25887" started-at="2021-12-14T19:01:07 IST" finished-at="2021-12-14T19:01:33 IST">
          <reporter-output>
          </reporter-output>
        </test-method> <!-- base -->
      </class> <!-- Login -->
    </test> <!-- Default test -->
  </suite> <!-- Default suite -->
</testng-results>
